C:\USERS\LUMENIGNIS\DOCUMENTS\VISUAL STUDIO 2012\PROJECTS\PROJECT1\RLE_HUFFMAN\RELEASE\RLE_HUFF.OBJ
C:\USERS\LUMENIGNIS\DOCUMENTS\VISUAL STUDIO 2012\PROJECTS\PROJECT1\RLE_HUFFMAN\RELEASE\NODE.OBJ
C:\USERS\LUMENIGNIS\DOCUMENTS\VISUAL STUDIO 2012\PROJECTS\PROJECT1\RLE_HUFFMAN\RELEASE\MYFORM.OBJ
C:\USERS\LUMENIGNIS\DOCUMENTS\VISUAL STUDIO 2012\PROJECTS\PROJECT1\RLE_HUFFMAN\RELEASE\VC110.PDB
C:\USERS\LUMENIGNIS\DOCUMENTS\VISUAL STUDIO 2012\PROJECTS\PROJECT1\RLE_HUFFMAN\RELEASE\.NETFRAMEWORK,VERSION=V4.5.ASSEMBLYATTRIBUTES.OBJ
C:\USERS\LUMENIGNIS\DOCUMENTS\VISUAL STUDIO 2012\PROJECTS\PROJECT1\RELEASE\RLE_HUFFMAN.EXE
C:\USERS\LUMENIGNIS\DOCUMENTS\VISUAL STUDIO 2012\PROJECTS\PROJECT1\RELEASE\RLE_HUFFMAN.PDB
C:\Users\LumenIgnis\Documents\Visual Studio 2012\Projects\Project1\RLE_Huffman\Release\Project1.MyForm.resources
C:\Users\LumenIgnis\Documents\Visual Studio 2012\Projects\Project1\RLE_Huffman\Release\RLE_Huffman.vcxproj.GenerateResource.Cache
C:\Users\LumenIgnis\Documents\Visual Studio 2012\Projects\Project1\RLE_Huffman\Release\RLE_Huffman.vcxprojResolveAssemblyReference.cache
C:\Users\LumenIgnis\Documents\Visual Studio 2012\Projects\Project1\RLE_Huffman\Release\.NETFramework,Version=v4.5.AssemblyAttributes.obj
C:\Users\LumenIgnis\Documents\Visual Studio 2012\Projects\Project1\RLE_Huffman\Release\MyForm.obj
C:\Users\LumenIgnis\Documents\Visual Studio 2012\Projects\Project1\RLE_Huffman\Release\Node.obj
C:\Users\LumenIgnis\Documents\Visual Studio 2012\Projects\Project1\RLE_Huffman\Release\RLE_HUFF.obj
C:\Users\LumenIgnis\Documents\Visual Studio 2012\Projects\Project1\RLE_Huffman\Release\cl.command.1.tlog
C:\Users\LumenIgnis\Documents\Visual Studio 2012\Projects\Project1\RLE_Huffman\Release\CL.read.1.tlog
C:\Users\LumenIgnis\Documents\Visual Studio 2012\Projects\Project1\RLE_Huffman\Release\CL.write.1.tlog
C:\Users\LumenIgnis\Documents\Visual Studio 2012\Projects\Project1\RLE_Huffman\Release\link-cvtres.read.1.tlog
C:\Users\LumenIgnis\Documents\Visual Studio 2012\Projects\Project1\RLE_Huffman\Release\link-cvtres.write.1.tlog
C:\Users\LumenIgnis\Documents\Visual Studio 2012\Projects\Project1\RLE_Huffman\Release\link-rc.read.1.tlog
C:\Users\LumenIgnis\Documents\Visual Studio 2012\Projects\Project1\RLE_Huffman\Release\link-rc.write.1.tlog
C:\Users\LumenIgnis\Documents\Visual Studio 2012\Projects\Project1\RLE_Huffman\Release\link.command.1.tlog
C:\Users\LumenIgnis\Documents\Visual Studio 2012\Projects\Project1\RLE_Huffman\Release\link.read.1.tlog
C:\Users\LumenIgnis\Documents\Visual Studio 2012\Projects\Project1\RLE_Huffman\Release\link.write.1.tlog
C:\Users\LumenIgnis\Documents\Visual Studio 2012\Projects\Project1\RLE_Huffman\Release\metagen.read.1.tlog
C:\Users\LumenIgnis\Documents\Visual Studio 2012\Projects\Project1\RLE_Huffman\Release\metagen.write.1.tlog
C:\Users\LumenIgnis\Documents\Visual Studio 2012\Projects\Project1\RLE_Huffman\Release\RLE_Huffman.write.1.tlog
C:\Users\LumenIgnis\Documents\Visual Studio 2012\Projects\Project1\RLE_Huffman\Release\vc110.pdb
C:\Users\LumenIgnis\Documents\Visual Studio 2012\Projects\Project1\RLE_Huffman\Release\RSAENH.DLL.bi
C:\Users\LumenIgnis\Documents\Visual Studio 2012\Projects\Project1\RLE_Huffman\Release\TZRES.DLL.bi
C:\Users\LumenIgnis\Documents\Visual Studio 2012\Projects\Project1\Release\RLE_Huffman.pdb
C:\Users\LumenIgnis\Documents\Visual Studio 2012\Projects\Project1\Release\RLE_Huffman.exe
