C:\USERS\LUMENIGNIS\DOCUMENTS\VISUAL STUDIO 2012\PROJECTS\PROJECT1\PROJECT1\DEBUG\.NETFRAMEWORK,VERSION=V4.5.ASSEMBLYATTRIBUTES.OBJ
C:\USERS\LUMENIGNIS\DOCUMENTS\VISUAL STUDIO 2012\PROJECTS\PROJECT1\PROJECT1\DEBUG\VC110.PDB
C:\USERS\LUMENIGNIS\DOCUMENTS\VISUAL STUDIO 2012\PROJECTS\PROJECT1\PROJECT1\DEBUG\NODE.OBJ
C:\USERS\LUMENIGNIS\DOCUMENTS\VISUAL STUDIO 2012\PROJECTS\PROJECT1\PROJECT1\DEBUG\MYFORM.OBJ
C:\USERS\LUMENIGNIS\DOCUMENTS\VISUAL STUDIO 2012\PROJECTS\PROJECT1\PROJECT1\DEBUG\RLE_HUFF.OBJ
c:\Users\lumenignis\documents\visual studio 2012\Projects\Project1\Project1\Debug\Project1.MyForm.resources
C:\Users\LumenIgnis\Documents\Visual Studio 2012\Projects\Project1\Project1\Debug\Project1.MyForm.resources
C:\Users\LumenIgnis\Documents\Visual Studio 2012\Projects\Project1\Project1\Debug\Project1.vcxproj.GenerateResource.Cache
C:\Users\LumenIgnis\Documents\Visual Studio 2012\Projects\Project1\Project1\Debug\Project1.vcxprojResolveAssemblyReference.cache
C:\Users\LumenIgnis\Documents\Visual Studio 2012\Projects\Project1\Project1\Debug\.NETFramework,Version=v4.5.AssemblyAttributes.obj
C:\Users\LumenIgnis\Documents\Visual Studio 2012\Projects\Project1\Project1\Debug\MyForm.obj
C:\Users\LumenIgnis\Documents\Visual Studio 2012\Projects\Project1\Project1\Debug\Node.obj
C:\Users\LumenIgnis\Documents\Visual Studio 2012\Projects\Project1\Project1\Debug\RLE_HUFF.obj
C:\Users\LumenIgnis\Documents\Visual Studio 2012\Projects\Project1\Project1\Debug\cl.command.1.tlog
C:\Users\LumenIgnis\Documents\Visual Studio 2012\Projects\Project1\Project1\Debug\CL.read.1.tlog
C:\Users\LumenIgnis\Documents\Visual Studio 2012\Projects\Project1\Project1\Debug\CL.write.1.tlog
C:\Users\LumenIgnis\Documents\Visual Studio 2012\Projects\Project1\Project1\Debug\link.10320-cvtres.read.1.tlog
C:\Users\LumenIgnis\Documents\Visual Studio 2012\Projects\Project1\Project1\Debug\link.10320-cvtres.write.1.tlog
C:\Users\LumenIgnis\Documents\Visual Studio 2012\Projects\Project1\Project1\Debug\link.10320-rc.read.1.tlog
C:\Users\LumenIgnis\Documents\Visual Studio 2012\Projects\Project1\Project1\Debug\link.10320-rc.write.1.tlog
C:\Users\LumenIgnis\Documents\Visual Studio 2012\Projects\Project1\Project1\Debug\link.10320.read.1.tlog
C:\Users\LumenIgnis\Documents\Visual Studio 2012\Projects\Project1\Project1\Debug\link.10320.write.1.tlog
C:\Users\LumenIgnis\Documents\Visual Studio 2012\Projects\Project1\Project1\Debug\link.10392-cvtres.read.1.tlog
C:\Users\LumenIgnis\Documents\Visual Studio 2012\Projects\Project1\Project1\Debug\link.10392-cvtres.write.1.tlog
C:\Users\LumenIgnis\Documents\Visual Studio 2012\Projects\Project1\Project1\Debug\link.10392-rc.read.1.tlog
C:\Users\LumenIgnis\Documents\Visual Studio 2012\Projects\Project1\Project1\Debug\link.10392-rc.write.1.tlog
C:\Users\LumenIgnis\Documents\Visual Studio 2012\Projects\Project1\Project1\Debug\link.10392.read.1.tlog
C:\Users\LumenIgnis\Documents\Visual Studio 2012\Projects\Project1\Project1\Debug\link.10392.write.1.tlog
C:\Users\LumenIgnis\Documents\Visual Studio 2012\Projects\Project1\Project1\Debug\link.10424-cvtres.read.1.tlog
C:\Users\LumenIgnis\Documents\Visual Studio 2012\Projects\Project1\Project1\Debug\link.10424-cvtres.write.1.tlog
C:\Users\LumenIgnis\Documents\Visual Studio 2012\Projects\Project1\Project1\Debug\link.10424-rc.read.1.tlog
C:\Users\LumenIgnis\Documents\Visual Studio 2012\Projects\Project1\Project1\Debug\link.10424-rc.write.1.tlog
C:\Users\LumenIgnis\Documents\Visual Studio 2012\Projects\Project1\Project1\Debug\link.10424.read.1.tlog
C:\Users\LumenIgnis\Documents\Visual Studio 2012\Projects\Project1\Project1\Debug\link.10424.write.1.tlog
C:\Users\LumenIgnis\Documents\Visual Studio 2012\Projects\Project1\Project1\Debug\link.10504-cvtres.read.1.tlog
C:\Users\LumenIgnis\Documents\Visual Studio 2012\Projects\Project1\Project1\Debug\link.10504-cvtres.write.1.tlog
C:\Users\LumenIgnis\Documents\Visual Studio 2012\Projects\Project1\Project1\Debug\link.10504-rc.read.1.tlog
C:\Users\LumenIgnis\Documents\Visual Studio 2012\Projects\Project1\Project1\Debug\link.10504-rc.write.1.tlog
C:\Users\LumenIgnis\Documents\Visual Studio 2012\Projects\Project1\Project1\Debug\link.10504.read.1.tlog
C:\Users\LumenIgnis\Documents\Visual Studio 2012\Projects\Project1\Project1\Debug\link.10504.write.1.tlog
C:\Users\LumenIgnis\Documents\Visual Studio 2012\Projects\Project1\Project1\Debug\link.10572-cvtres.read.1.tlog
C:\Users\LumenIgnis\Documents\Visual Studio 2012\Projects\Project1\Project1\Debug\link.10572-cvtres.write.1.tlog
C:\Users\LumenIgnis\Documents\Visual Studio 2012\Projects\Project1\Project1\Debug\link.10572-rc.read.1.tlog
C:\Users\LumenIgnis\Documents\Visual Studio 2012\Projects\Project1\Project1\Debug\link.10572-rc.write.1.tlog
C:\Users\LumenIgnis\Documents\Visual Studio 2012\Projects\Project1\Project1\Debug\link.10572.read.1.tlog
C:\Users\LumenIgnis\Documents\Visual Studio 2012\Projects\Project1\Project1\Debug\link.10572.write.1.tlog
C:\Users\LumenIgnis\Documents\Visual Studio 2012\Projects\Project1\Project1\Debug\link.10648-cvtres.read.1.tlog
C:\Users\LumenIgnis\Documents\Visual Studio 2012\Projects\Project1\Project1\Debug\link.10648-cvtres.write.1.tlog
C:\Users\LumenIgnis\Documents\Visual Studio 2012\Projects\Project1\Project1\Debug\link.10648-rc.read.1.tlog
C:\Users\LumenIgnis\Documents\Visual Studio 2012\Projects\Project1\Project1\Debug\link.10648-rc.write.1.tlog
C:\Users\LumenIgnis\Documents\Visual Studio 2012\Projects\Project1\Project1\Debug\link.10648.read.1.tlog
C:\Users\LumenIgnis\Documents\Visual Studio 2012\Projects\Project1\Project1\Debug\link.10648.write.1.tlog
C:\Users\LumenIgnis\Documents\Visual Studio 2012\Projects\Project1\Project1\Debug\link.10852-cvtres.read.1.tlog
C:\Users\LumenIgnis\Documents\Visual Studio 2012\Projects\Project1\Project1\Debug\link.10852-cvtres.write.1.tlog
C:\Users\LumenIgnis\Documents\Visual Studio 2012\Projects\Project1\Project1\Debug\link.10852-rc.read.1.tlog
C:\Users\LumenIgnis\Documents\Visual Studio 2012\Projects\Project1\Project1\Debug\link.10852-rc.write.1.tlog
C:\Users\LumenIgnis\Documents\Visual Studio 2012\Projects\Project1\Project1\Debug\link.10852.read.1.tlog
C:\Users\LumenIgnis\Documents\Visual Studio 2012\Projects\Project1\Project1\Debug\link.10852.write.1.tlog
C:\Users\LumenIgnis\Documents\Visual Studio 2012\Projects\Project1\Project1\Debug\link.10916-cvtres.read.1.tlog
C:\Users\LumenIgnis\Documents\Visual Studio 2012\Projects\Project1\Project1\Debug\link.10916-cvtres.write.1.tlog
C:\Users\LumenIgnis\Documents\Visual Studio 2012\Projects\Project1\Project1\Debug\link.10916-rc.read.1.tlog
C:\Users\LumenIgnis\Documents\Visual Studio 2012\Projects\Project1\Project1\Debug\link.10916-rc.write.1.tlog
C:\Users\LumenIgnis\Documents\Visual Studio 2012\Projects\Project1\Project1\Debug\link.10916.read.1.tlog
C:\Users\LumenIgnis\Documents\Visual Studio 2012\Projects\Project1\Project1\Debug\link.10916.write.1.tlog
C:\Users\LumenIgnis\Documents\Visual Studio 2012\Projects\Project1\Project1\Debug\link.11152-cvtres.read.1.tlog
C:\Users\LumenIgnis\Documents\Visual Studio 2012\Projects\Project1\Project1\Debug\link.11152-cvtres.write.1.tlog
C:\Users\LumenIgnis\Documents\Visual Studio 2012\Projects\Project1\Project1\Debug\link.11152-rc.read.1.tlog
C:\Users\LumenIgnis\Documents\Visual Studio 2012\Projects\Project1\Project1\Debug\link.11152-rc.write.1.tlog
C:\Users\LumenIgnis\Documents\Visual Studio 2012\Projects\Project1\Project1\Debug\link.11152.read.1.tlog
C:\Users\LumenIgnis\Documents\Visual Studio 2012\Projects\Project1\Project1\Debug\link.11152.write.1.tlog
C:\Users\LumenIgnis\Documents\Visual Studio 2012\Projects\Project1\Project1\Debug\link.11188-cvtres.read.1.tlog
C:\Users\LumenIgnis\Documents\Visual Studio 2012\Projects\Project1\Project1\Debug\link.11188-cvtres.write.1.tlog
C:\Users\LumenIgnis\Documents\Visual Studio 2012\Projects\Project1\Project1\Debug\link.11188-rc.read.1.tlog
C:\Users\LumenIgnis\Documents\Visual Studio 2012\Projects\Project1\Project1\Debug\link.11188-rc.write.1.tlog
C:\Users\LumenIgnis\Documents\Visual Studio 2012\Projects\Project1\Project1\Debug\link.11188.read.1.tlog
C:\Users\LumenIgnis\Documents\Visual Studio 2012\Projects\Project1\Project1\Debug\link.11188.write.1.tlog
C:\Users\LumenIgnis\Documents\Visual Studio 2012\Projects\Project1\Project1\Debug\link.2036-cvtres.read.1.tlog
C:\Users\LumenIgnis\Documents\Visual Studio 2012\Projects\Project1\Project1\Debug\link.2036-cvtres.write.1.tlog
C:\Users\LumenIgnis\Documents\Visual Studio 2012\Projects\Project1\Project1\Debug\link.2036-rc.read.1.tlog
C:\Users\LumenIgnis\Documents\Visual Studio 2012\Projects\Project1\Project1\Debug\link.2036-rc.write.1.tlog
C:\Users\LumenIgnis\Documents\Visual Studio 2012\Projects\Project1\Project1\Debug\link.2036.read.1.tlog
C:\Users\LumenIgnis\Documents\Visual Studio 2012\Projects\Project1\Project1\Debug\link.2036.write.1.tlog
C:\Users\LumenIgnis\Documents\Visual Studio 2012\Projects\Project1\Project1\Debug\link.2092-cvtres.read.1.tlog
C:\Users\LumenIgnis\Documents\Visual Studio 2012\Projects\Project1\Project1\Debug\link.2092-cvtres.write.1.tlog
C:\Users\LumenIgnis\Documents\Visual Studio 2012\Projects\Project1\Project1\Debug\link.2092-rc.read.1.tlog
C:\Users\LumenIgnis\Documents\Visual Studio 2012\Projects\Project1\Project1\Debug\link.2092-rc.write.1.tlog
C:\Users\LumenIgnis\Documents\Visual Studio 2012\Projects\Project1\Project1\Debug\link.2092.read.1.tlog
C:\Users\LumenIgnis\Documents\Visual Studio 2012\Projects\Project1\Project1\Debug\link.2092.write.1.tlog
C:\Users\LumenIgnis\Documents\Visual Studio 2012\Projects\Project1\Project1\Debug\link.3180-cvtres.read.1.tlog
C:\Users\LumenIgnis\Documents\Visual Studio 2012\Projects\Project1\Project1\Debug\link.3180-cvtres.write.1.tlog
C:\Users\LumenIgnis\Documents\Visual Studio 2012\Projects\Project1\Project1\Debug\link.3180-rc.read.1.tlog
C:\Users\LumenIgnis\Documents\Visual Studio 2012\Projects\Project1\Project1\Debug\link.3180-rc.write.1.tlog
C:\Users\LumenIgnis\Documents\Visual Studio 2012\Projects\Project1\Project1\Debug\link.3180.read.1.tlog
C:\Users\LumenIgnis\Documents\Visual Studio 2012\Projects\Project1\Project1\Debug\link.3180.write.1.tlog
C:\Users\LumenIgnis\Documents\Visual Studio 2012\Projects\Project1\Project1\Debug\link.3488-cvtres.read.1.tlog
C:\Users\LumenIgnis\Documents\Visual Studio 2012\Projects\Project1\Project1\Debug\link.3488-cvtres.write.1.tlog
C:\Users\LumenIgnis\Documents\Visual Studio 2012\Projects\Project1\Project1\Debug\link.3488-rc.read.1.tlog
C:\Users\LumenIgnis\Documents\Visual Studio 2012\Projects\Project1\Project1\Debug\link.3488-rc.write.1.tlog
C:\Users\LumenIgnis\Documents\Visual Studio 2012\Projects\Project1\Project1\Debug\link.3488.read.1.tlog
C:\Users\LumenIgnis\Documents\Visual Studio 2012\Projects\Project1\Project1\Debug\link.3488.write.1.tlog
C:\Users\LumenIgnis\Documents\Visual Studio 2012\Projects\Project1\Project1\Debug\link.3796-cvtres.read.1.tlog
C:\Users\LumenIgnis\Documents\Visual Studio 2012\Projects\Project1\Project1\Debug\link.3796-cvtres.write.1.tlog
C:\Users\LumenIgnis\Documents\Visual Studio 2012\Projects\Project1\Project1\Debug\link.3796-rc.read.1.tlog
C:\Users\LumenIgnis\Documents\Visual Studio 2012\Projects\Project1\Project1\Debug\link.3796-rc.write.1.tlog
C:\Users\LumenIgnis\Documents\Visual Studio 2012\Projects\Project1\Project1\Debug\link.3796.read.1.tlog
C:\Users\LumenIgnis\Documents\Visual Studio 2012\Projects\Project1\Project1\Debug\link.3796.write.1.tlog
C:\Users\LumenIgnis\Documents\Visual Studio 2012\Projects\Project1\Project1\Debug\link.3848-cvtres.read.1.tlog
C:\Users\LumenIgnis\Documents\Visual Studio 2012\Projects\Project1\Project1\Debug\link.3848-cvtres.write.1.tlog
C:\Users\LumenIgnis\Documents\Visual Studio 2012\Projects\Project1\Project1\Debug\link.3848-rc.read.1.tlog
C:\Users\LumenIgnis\Documents\Visual Studio 2012\Projects\Project1\Project1\Debug\link.3848-rc.write.1.tlog
C:\Users\LumenIgnis\Documents\Visual Studio 2012\Projects\Project1\Project1\Debug\link.3848.read.1.tlog
C:\Users\LumenIgnis\Documents\Visual Studio 2012\Projects\Project1\Project1\Debug\link.3848.write.1.tlog
C:\Users\LumenIgnis\Documents\Visual Studio 2012\Projects\Project1\Project1\Debug\link.3872-cvtres.read.1.tlog
C:\Users\LumenIgnis\Documents\Visual Studio 2012\Projects\Project1\Project1\Debug\link.3872-cvtres.write.1.tlog
C:\Users\LumenIgnis\Documents\Visual Studio 2012\Projects\Project1\Project1\Debug\link.3872-rc.read.1.tlog
C:\Users\LumenIgnis\Documents\Visual Studio 2012\Projects\Project1\Project1\Debug\link.3872-rc.write.1.tlog
C:\Users\LumenIgnis\Documents\Visual Studio 2012\Projects\Project1\Project1\Debug\link.3872.read.1.tlog
C:\Users\LumenIgnis\Documents\Visual Studio 2012\Projects\Project1\Project1\Debug\link.3872.write.1.tlog
C:\Users\LumenIgnis\Documents\Visual Studio 2012\Projects\Project1\Project1\Debug\link.4496-cvtres.read.1.tlog
C:\Users\LumenIgnis\Documents\Visual Studio 2012\Projects\Project1\Project1\Debug\link.4496-cvtres.write.1.tlog
C:\Users\LumenIgnis\Documents\Visual Studio 2012\Projects\Project1\Project1\Debug\link.4496-rc.read.1.tlog
C:\Users\LumenIgnis\Documents\Visual Studio 2012\Projects\Project1\Project1\Debug\link.4496-rc.write.1.tlog
C:\Users\LumenIgnis\Documents\Visual Studio 2012\Projects\Project1\Project1\Debug\link.4496.read.1.tlog
C:\Users\LumenIgnis\Documents\Visual Studio 2012\Projects\Project1\Project1\Debug\link.4496.write.1.tlog
C:\Users\LumenIgnis\Documents\Visual Studio 2012\Projects\Project1\Project1\Debug\link.4576-cvtres.read.1.tlog
C:\Users\LumenIgnis\Documents\Visual Studio 2012\Projects\Project1\Project1\Debug\link.4576-cvtres.write.1.tlog
C:\Users\LumenIgnis\Documents\Visual Studio 2012\Projects\Project1\Project1\Debug\link.4576-rc.read.1.tlog
C:\Users\LumenIgnis\Documents\Visual Studio 2012\Projects\Project1\Project1\Debug\link.4576-rc.write.1.tlog
C:\Users\LumenIgnis\Documents\Visual Studio 2012\Projects\Project1\Project1\Debug\link.4576.read.1.tlog
C:\Users\LumenIgnis\Documents\Visual Studio 2012\Projects\Project1\Project1\Debug\link.4576.write.1.tlog
C:\Users\LumenIgnis\Documents\Visual Studio 2012\Projects\Project1\Project1\Debug\link.4820-cvtres.read.1.tlog
C:\Users\LumenIgnis\Documents\Visual Studio 2012\Projects\Project1\Project1\Debug\link.4820-cvtres.write.1.tlog
C:\Users\LumenIgnis\Documents\Visual Studio 2012\Projects\Project1\Project1\Debug\link.4820-rc.read.1.tlog
C:\Users\LumenIgnis\Documents\Visual Studio 2012\Projects\Project1\Project1\Debug\link.4820-rc.write.1.tlog
C:\Users\LumenIgnis\Documents\Visual Studio 2012\Projects\Project1\Project1\Debug\link.4820.read.1.tlog
C:\Users\LumenIgnis\Documents\Visual Studio 2012\Projects\Project1\Project1\Debug\link.4820.write.1.tlog
C:\Users\LumenIgnis\Documents\Visual Studio 2012\Projects\Project1\Project1\Debug\link.4856-cvtres.read.1.tlog
C:\Users\LumenIgnis\Documents\Visual Studio 2012\Projects\Project1\Project1\Debug\link.4856-cvtres.write.1.tlog
C:\Users\LumenIgnis\Documents\Visual Studio 2012\Projects\Project1\Project1\Debug\link.4856-rc.read.1.tlog
C:\Users\LumenIgnis\Documents\Visual Studio 2012\Projects\Project1\Project1\Debug\link.4856-rc.write.1.tlog
C:\Users\LumenIgnis\Documents\Visual Studio 2012\Projects\Project1\Project1\Debug\link.4856.read.1.tlog
C:\Users\LumenIgnis\Documents\Visual Studio 2012\Projects\Project1\Project1\Debug\link.4856.write.1.tlog
C:\Users\LumenIgnis\Documents\Visual Studio 2012\Projects\Project1\Project1\Debug\link.5164.read.1.tlog
C:\Users\LumenIgnis\Documents\Visual Studio 2012\Projects\Project1\Project1\Debug\link.5164.write.1.tlog
C:\Users\LumenIgnis\Documents\Visual Studio 2012\Projects\Project1\Project1\Debug\link.5256-cvtres.read.1.tlog
C:\Users\LumenIgnis\Documents\Visual Studio 2012\Projects\Project1\Project1\Debug\link.5256-cvtres.write.1.tlog
C:\Users\LumenIgnis\Documents\Visual Studio 2012\Projects\Project1\Project1\Debug\link.5256-rc.read.1.tlog
C:\Users\LumenIgnis\Documents\Visual Studio 2012\Projects\Project1\Project1\Debug\link.5256-rc.write.1.tlog
C:\Users\LumenIgnis\Documents\Visual Studio 2012\Projects\Project1\Project1\Debug\link.5256.read.1.tlog
C:\Users\LumenIgnis\Documents\Visual Studio 2012\Projects\Project1\Project1\Debug\link.5256.write.1.tlog
C:\Users\LumenIgnis\Documents\Visual Studio 2012\Projects\Project1\Project1\Debug\link.5280-cvtres.read.1.tlog
C:\Users\LumenIgnis\Documents\Visual Studio 2012\Projects\Project1\Project1\Debug\link.5280-cvtres.write.1.tlog
C:\Users\LumenIgnis\Documents\Visual Studio 2012\Projects\Project1\Project1\Debug\link.5280-rc.read.1.tlog
C:\Users\LumenIgnis\Documents\Visual Studio 2012\Projects\Project1\Project1\Debug\link.5280-rc.write.1.tlog
C:\Users\LumenIgnis\Documents\Visual Studio 2012\Projects\Project1\Project1\Debug\link.5280.read.1.tlog
C:\Users\LumenIgnis\Documents\Visual Studio 2012\Projects\Project1\Project1\Debug\link.5280.write.1.tlog
C:\Users\LumenIgnis\Documents\Visual Studio 2012\Projects\Project1\Project1\Debug\link.5392-cvtres.read.1.tlog
C:\Users\LumenIgnis\Documents\Visual Studio 2012\Projects\Project1\Project1\Debug\link.5392-cvtres.write.1.tlog
C:\Users\LumenIgnis\Documents\Visual Studio 2012\Projects\Project1\Project1\Debug\link.5392-rc.read.1.tlog
C:\Users\LumenIgnis\Documents\Visual Studio 2012\Projects\Project1\Project1\Debug\link.5392-rc.write.1.tlog
C:\Users\LumenIgnis\Documents\Visual Studio 2012\Projects\Project1\Project1\Debug\link.5392.read.1.tlog
C:\Users\LumenIgnis\Documents\Visual Studio 2012\Projects\Project1\Project1\Debug\link.5392.write.1.tlog
C:\Users\LumenIgnis\Documents\Visual Studio 2012\Projects\Project1\Project1\Debug\link.5496-cvtres.read.1.tlog
C:\Users\LumenIgnis\Documents\Visual Studio 2012\Projects\Project1\Project1\Debug\link.5496-cvtres.write.1.tlog
C:\Users\LumenIgnis\Documents\Visual Studio 2012\Projects\Project1\Project1\Debug\link.5496-rc.read.1.tlog
C:\Users\LumenIgnis\Documents\Visual Studio 2012\Projects\Project1\Project1\Debug\link.5496-rc.write.1.tlog
C:\Users\LumenIgnis\Documents\Visual Studio 2012\Projects\Project1\Project1\Debug\link.5496.read.1.tlog
C:\Users\LumenIgnis\Documents\Visual Studio 2012\Projects\Project1\Project1\Debug\link.5496.write.1.tlog
C:\Users\LumenIgnis\Documents\Visual Studio 2012\Projects\Project1\Project1\Debug\link.5596-cvtres.read.1.tlog
C:\Users\LumenIgnis\Documents\Visual Studio 2012\Projects\Project1\Project1\Debug\link.5596-cvtres.write.1.tlog
C:\Users\LumenIgnis\Documents\Visual Studio 2012\Projects\Project1\Project1\Debug\link.5596-rc.read.1.tlog
C:\Users\LumenIgnis\Documents\Visual Studio 2012\Projects\Project1\Project1\Debug\link.5596-rc.write.1.tlog
C:\Users\LumenIgnis\Documents\Visual Studio 2012\Projects\Project1\Project1\Debug\link.5596.read.1.tlog
C:\Users\LumenIgnis\Documents\Visual Studio 2012\Projects\Project1\Project1\Debug\link.5596.write.1.tlog
C:\Users\LumenIgnis\Documents\Visual Studio 2012\Projects\Project1\Project1\Debug\link.5700-cvtres.read.1.tlog
C:\Users\LumenIgnis\Documents\Visual Studio 2012\Projects\Project1\Project1\Debug\link.5700-cvtres.write.1.tlog
C:\Users\LumenIgnis\Documents\Visual Studio 2012\Projects\Project1\Project1\Debug\link.5700-rc.read.1.tlog
C:\Users\LumenIgnis\Documents\Visual Studio 2012\Projects\Project1\Project1\Debug\link.5700-rc.write.1.tlog
C:\Users\LumenIgnis\Documents\Visual Studio 2012\Projects\Project1\Project1\Debug\link.5700.read.1.tlog
C:\Users\LumenIgnis\Documents\Visual Studio 2012\Projects\Project1\Project1\Debug\link.5700.write.1.tlog
C:\Users\LumenIgnis\Documents\Visual Studio 2012\Projects\Project1\Project1\Debug\link.6012-cvtres.read.1.tlog
C:\Users\LumenIgnis\Documents\Visual Studio 2012\Projects\Project1\Project1\Debug\link.6012-cvtres.write.1.tlog
C:\Users\LumenIgnis\Documents\Visual Studio 2012\Projects\Project1\Project1\Debug\link.6012-rc.read.1.tlog
C:\Users\LumenIgnis\Documents\Visual Studio 2012\Projects\Project1\Project1\Debug\link.6012-rc.write.1.tlog
C:\Users\LumenIgnis\Documents\Visual Studio 2012\Projects\Project1\Project1\Debug\link.6012.read.1.tlog
C:\Users\LumenIgnis\Documents\Visual Studio 2012\Projects\Project1\Project1\Debug\link.6012.write.1.tlog
C:\Users\LumenIgnis\Documents\Visual Studio 2012\Projects\Project1\Project1\Debug\link.6520-cvtres.read.1.tlog
C:\Users\LumenIgnis\Documents\Visual Studio 2012\Projects\Project1\Project1\Debug\link.6520-cvtres.write.1.tlog
C:\Users\LumenIgnis\Documents\Visual Studio 2012\Projects\Project1\Project1\Debug\link.6520-rc.read.1.tlog
C:\Users\LumenIgnis\Documents\Visual Studio 2012\Projects\Project1\Project1\Debug\link.6520-rc.write.1.tlog
C:\Users\LumenIgnis\Documents\Visual Studio 2012\Projects\Project1\Project1\Debug\link.6520.read.1.tlog
C:\Users\LumenIgnis\Documents\Visual Studio 2012\Projects\Project1\Project1\Debug\link.6520.write.1.tlog
C:\Users\LumenIgnis\Documents\Visual Studio 2012\Projects\Project1\Project1\Debug\link.6680-cvtres.read.1.tlog
C:\Users\LumenIgnis\Documents\Visual Studio 2012\Projects\Project1\Project1\Debug\link.6680-cvtres.write.1.tlog
C:\Users\LumenIgnis\Documents\Visual Studio 2012\Projects\Project1\Project1\Debug\link.6680-rc.read.1.tlog
C:\Users\LumenIgnis\Documents\Visual Studio 2012\Projects\Project1\Project1\Debug\link.6680-rc.write.1.tlog
C:\Users\LumenIgnis\Documents\Visual Studio 2012\Projects\Project1\Project1\Debug\link.6680.read.1.tlog
C:\Users\LumenIgnis\Documents\Visual Studio 2012\Projects\Project1\Project1\Debug\link.6680.write.1.tlog
C:\Users\LumenIgnis\Documents\Visual Studio 2012\Projects\Project1\Project1\Debug\link.6808-cvtres.read.1.tlog
C:\Users\LumenIgnis\Documents\Visual Studio 2012\Projects\Project1\Project1\Debug\link.6808-cvtres.write.1.tlog
C:\Users\LumenIgnis\Documents\Visual Studio 2012\Projects\Project1\Project1\Debug\link.6808-rc.read.1.tlog
C:\Users\LumenIgnis\Documents\Visual Studio 2012\Projects\Project1\Project1\Debug\link.6808-rc.write.1.tlog
C:\Users\LumenIgnis\Documents\Visual Studio 2012\Projects\Project1\Project1\Debug\link.6808.read.1.tlog
C:\Users\LumenIgnis\Documents\Visual Studio 2012\Projects\Project1\Project1\Debug\link.6808.write.1.tlog
C:\Users\LumenIgnis\Documents\Visual Studio 2012\Projects\Project1\Project1\Debug\link.6872-cvtres.read.1.tlog
C:\Users\LumenIgnis\Documents\Visual Studio 2012\Projects\Project1\Project1\Debug\link.6872-cvtres.write.1.tlog
C:\Users\LumenIgnis\Documents\Visual Studio 2012\Projects\Project1\Project1\Debug\link.6872-rc.read.1.tlog
C:\Users\LumenIgnis\Documents\Visual Studio 2012\Projects\Project1\Project1\Debug\link.6872-rc.write.1.tlog
C:\Users\LumenIgnis\Documents\Visual Studio 2012\Projects\Project1\Project1\Debug\link.6872.read.1.tlog
C:\Users\LumenIgnis\Documents\Visual Studio 2012\Projects\Project1\Project1\Debug\link.6872.write.1.tlog
C:\Users\LumenIgnis\Documents\Visual Studio 2012\Projects\Project1\Project1\Debug\link.6968-cvtres.read.1.tlog
C:\Users\LumenIgnis\Documents\Visual Studio 2012\Projects\Project1\Project1\Debug\link.6968-cvtres.write.1.tlog
C:\Users\LumenIgnis\Documents\Visual Studio 2012\Projects\Project1\Project1\Debug\link.6968-rc.read.1.tlog
C:\Users\LumenIgnis\Documents\Visual Studio 2012\Projects\Project1\Project1\Debug\link.6968-rc.write.1.tlog
C:\Users\LumenIgnis\Documents\Visual Studio 2012\Projects\Project1\Project1\Debug\link.6968.read.1.tlog
C:\Users\LumenIgnis\Documents\Visual Studio 2012\Projects\Project1\Project1\Debug\link.6968.write.1.tlog
C:\Users\LumenIgnis\Documents\Visual Studio 2012\Projects\Project1\Project1\Debug\link.7084-cvtres.read.1.tlog
C:\Users\LumenIgnis\Documents\Visual Studio 2012\Projects\Project1\Project1\Debug\link.7084-cvtres.write.1.tlog
C:\Users\LumenIgnis\Documents\Visual Studio 2012\Projects\Project1\Project1\Debug\link.7084-rc.read.1.tlog
C:\Users\LumenIgnis\Documents\Visual Studio 2012\Projects\Project1\Project1\Debug\link.7084-rc.write.1.tlog
C:\Users\LumenIgnis\Documents\Visual Studio 2012\Projects\Project1\Project1\Debug\link.7084.read.1.tlog
C:\Users\LumenIgnis\Documents\Visual Studio 2012\Projects\Project1\Project1\Debug\link.7084.write.1.tlog
C:\Users\LumenIgnis\Documents\Visual Studio 2012\Projects\Project1\Project1\Debug\link.7116-cvtres.read.1.tlog
C:\Users\LumenIgnis\Documents\Visual Studio 2012\Projects\Project1\Project1\Debug\link.7116-cvtres.write.1.tlog
C:\Users\LumenIgnis\Documents\Visual Studio 2012\Projects\Project1\Project1\Debug\link.7116-rc.read.1.tlog
C:\Users\LumenIgnis\Documents\Visual Studio 2012\Projects\Project1\Project1\Debug\link.7116-rc.write.1.tlog
C:\Users\LumenIgnis\Documents\Visual Studio 2012\Projects\Project1\Project1\Debug\link.7116.read.1.tlog
C:\Users\LumenIgnis\Documents\Visual Studio 2012\Projects\Project1\Project1\Debug\link.7116.write.1.tlog
C:\Users\LumenIgnis\Documents\Visual Studio 2012\Projects\Project1\Project1\Debug\link.7156-cvtres.read.1.tlog
C:\Users\LumenIgnis\Documents\Visual Studio 2012\Projects\Project1\Project1\Debug\link.7156-cvtres.write.1.tlog
C:\Users\LumenIgnis\Documents\Visual Studio 2012\Projects\Project1\Project1\Debug\link.7156-rc.read.1.tlog
C:\Users\LumenIgnis\Documents\Visual Studio 2012\Projects\Project1\Project1\Debug\link.7156-rc.write.1.tlog
C:\Users\LumenIgnis\Documents\Visual Studio 2012\Projects\Project1\Project1\Debug\link.7156.read.1.tlog
C:\Users\LumenIgnis\Documents\Visual Studio 2012\Projects\Project1\Project1\Debug\link.7156.write.1.tlog
C:\Users\LumenIgnis\Documents\Visual Studio 2012\Projects\Project1\Project1\Debug\link.7172-cvtres.read.1.tlog
C:\Users\LumenIgnis\Documents\Visual Studio 2012\Projects\Project1\Project1\Debug\link.7172-cvtres.write.1.tlog
C:\Users\LumenIgnis\Documents\Visual Studio 2012\Projects\Project1\Project1\Debug\link.7172-rc.read.1.tlog
C:\Users\LumenIgnis\Documents\Visual Studio 2012\Projects\Project1\Project1\Debug\link.7172-rc.write.1.tlog
C:\Users\LumenIgnis\Documents\Visual Studio 2012\Projects\Project1\Project1\Debug\link.7172.read.1.tlog
C:\Users\LumenIgnis\Documents\Visual Studio 2012\Projects\Project1\Project1\Debug\link.7172.write.1.tlog
C:\Users\LumenIgnis\Documents\Visual Studio 2012\Projects\Project1\Project1\Debug\link.7192-cvtres.read.1.tlog
C:\Users\LumenIgnis\Documents\Visual Studio 2012\Projects\Project1\Project1\Debug\link.7192-cvtres.write.1.tlog
C:\Users\LumenIgnis\Documents\Visual Studio 2012\Projects\Project1\Project1\Debug\link.7192-rc.read.1.tlog
C:\Users\LumenIgnis\Documents\Visual Studio 2012\Projects\Project1\Project1\Debug\link.7192-rc.write.1.tlog
C:\Users\LumenIgnis\Documents\Visual Studio 2012\Projects\Project1\Project1\Debug\link.7192.read.1.tlog
C:\Users\LumenIgnis\Documents\Visual Studio 2012\Projects\Project1\Project1\Debug\link.7192.write.1.tlog
C:\Users\LumenIgnis\Documents\Visual Studio 2012\Projects\Project1\Project1\Debug\link.7220-cvtres.read.1.tlog
C:\Users\LumenIgnis\Documents\Visual Studio 2012\Projects\Project1\Project1\Debug\link.7220-cvtres.write.1.tlog
C:\Users\LumenIgnis\Documents\Visual Studio 2012\Projects\Project1\Project1\Debug\link.7220-rc.read.1.tlog
C:\Users\LumenIgnis\Documents\Visual Studio 2012\Projects\Project1\Project1\Debug\link.7220-rc.write.1.tlog
C:\Users\LumenIgnis\Documents\Visual Studio 2012\Projects\Project1\Project1\Debug\link.7220.read.1.tlog
C:\Users\LumenIgnis\Documents\Visual Studio 2012\Projects\Project1\Project1\Debug\link.7220.write.1.tlog
C:\Users\LumenIgnis\Documents\Visual Studio 2012\Projects\Project1\Project1\Debug\link.7236-cvtres.read.1.tlog
C:\Users\LumenIgnis\Documents\Visual Studio 2012\Projects\Project1\Project1\Debug\link.7236-cvtres.write.1.tlog
C:\Users\LumenIgnis\Documents\Visual Studio 2012\Projects\Project1\Project1\Debug\link.7236-rc.read.1.tlog
C:\Users\LumenIgnis\Documents\Visual Studio 2012\Projects\Project1\Project1\Debug\link.7236-rc.write.1.tlog
C:\Users\LumenIgnis\Documents\Visual Studio 2012\Projects\Project1\Project1\Debug\link.7236.read.1.tlog
C:\Users\LumenIgnis\Documents\Visual Studio 2012\Projects\Project1\Project1\Debug\link.7236.write.1.tlog
C:\Users\LumenIgnis\Documents\Visual Studio 2012\Projects\Project1\Project1\Debug\link.7252-cvtres.read.1.tlog
C:\Users\LumenIgnis\Documents\Visual Studio 2012\Projects\Project1\Project1\Debug\link.7252-cvtres.write.1.tlog
C:\Users\LumenIgnis\Documents\Visual Studio 2012\Projects\Project1\Project1\Debug\link.7252-rc.read.1.tlog
C:\Users\LumenIgnis\Documents\Visual Studio 2012\Projects\Project1\Project1\Debug\link.7252-rc.write.1.tlog
C:\Users\LumenIgnis\Documents\Visual Studio 2012\Projects\Project1\Project1\Debug\link.7252.read.1.tlog
C:\Users\LumenIgnis\Documents\Visual Studio 2012\Projects\Project1\Project1\Debug\link.7252.write.1.tlog
C:\Users\LumenIgnis\Documents\Visual Studio 2012\Projects\Project1\Project1\Debug\link.7320-cvtres.read.1.tlog
C:\Users\LumenIgnis\Documents\Visual Studio 2012\Projects\Project1\Project1\Debug\link.7320-cvtres.write.1.tlog
C:\Users\LumenIgnis\Documents\Visual Studio 2012\Projects\Project1\Project1\Debug\link.7320-rc.read.1.tlog
C:\Users\LumenIgnis\Documents\Visual Studio 2012\Projects\Project1\Project1\Debug\link.7320-rc.write.1.tlog
C:\Users\LumenIgnis\Documents\Visual Studio 2012\Projects\Project1\Project1\Debug\link.7320.read.1.tlog
C:\Users\LumenIgnis\Documents\Visual Studio 2012\Projects\Project1\Project1\Debug\link.7320.write.1.tlog
C:\Users\LumenIgnis\Documents\Visual Studio 2012\Projects\Project1\Project1\Debug\link.7384-cvtres.read.1.tlog
C:\Users\LumenIgnis\Documents\Visual Studio 2012\Projects\Project1\Project1\Debug\link.7384-cvtres.write.1.tlog
C:\Users\LumenIgnis\Documents\Visual Studio 2012\Projects\Project1\Project1\Debug\link.7384-rc.read.1.tlog
C:\Users\LumenIgnis\Documents\Visual Studio 2012\Projects\Project1\Project1\Debug\link.7384-rc.write.1.tlog
C:\Users\LumenIgnis\Documents\Visual Studio 2012\Projects\Project1\Project1\Debug\link.7384.read.1.tlog
C:\Users\LumenIgnis\Documents\Visual Studio 2012\Projects\Project1\Project1\Debug\link.7384.write.1.tlog
C:\Users\LumenIgnis\Documents\Visual Studio 2012\Projects\Project1\Project1\Debug\link.7404-cvtres.read.1.tlog
C:\Users\LumenIgnis\Documents\Visual Studio 2012\Projects\Project1\Project1\Debug\link.7404-cvtres.write.1.tlog
C:\Users\LumenIgnis\Documents\Visual Studio 2012\Projects\Project1\Project1\Debug\link.7404-rc.read.1.tlog
C:\Users\LumenIgnis\Documents\Visual Studio 2012\Projects\Project1\Project1\Debug\link.7404-rc.write.1.tlog
C:\Users\LumenIgnis\Documents\Visual Studio 2012\Projects\Project1\Project1\Debug\link.7404.read.1.tlog
C:\Users\LumenIgnis\Documents\Visual Studio 2012\Projects\Project1\Project1\Debug\link.7404.write.1.tlog
C:\Users\LumenIgnis\Documents\Visual Studio 2012\Projects\Project1\Project1\Debug\link.7464-cvtres.read.1.tlog
C:\Users\LumenIgnis\Documents\Visual Studio 2012\Projects\Project1\Project1\Debug\link.7464-cvtres.write.1.tlog
C:\Users\LumenIgnis\Documents\Visual Studio 2012\Projects\Project1\Project1\Debug\link.7464-rc.read.1.tlog
C:\Users\LumenIgnis\Documents\Visual Studio 2012\Projects\Project1\Project1\Debug\link.7464-rc.write.1.tlog
C:\Users\LumenIgnis\Documents\Visual Studio 2012\Projects\Project1\Project1\Debug\link.7464.read.1.tlog
C:\Users\LumenIgnis\Documents\Visual Studio 2012\Projects\Project1\Project1\Debug\link.7464.write.1.tlog
C:\Users\LumenIgnis\Documents\Visual Studio 2012\Projects\Project1\Project1\Debug\link.7468-cvtres.read.1.tlog
C:\Users\LumenIgnis\Documents\Visual Studio 2012\Projects\Project1\Project1\Debug\link.7468-cvtres.write.1.tlog
C:\Users\LumenIgnis\Documents\Visual Studio 2012\Projects\Project1\Project1\Debug\link.7468-rc.read.1.tlog
C:\Users\LumenIgnis\Documents\Visual Studio 2012\Projects\Project1\Project1\Debug\link.7468-rc.write.1.tlog
C:\Users\LumenIgnis\Documents\Visual Studio 2012\Projects\Project1\Project1\Debug\link.7468.read.1.tlog
C:\Users\LumenIgnis\Documents\Visual Studio 2012\Projects\Project1\Project1\Debug\link.7468.write.1.tlog
C:\Users\LumenIgnis\Documents\Visual Studio 2012\Projects\Project1\Project1\Debug\link.7604-cvtres.read.1.tlog
C:\Users\LumenIgnis\Documents\Visual Studio 2012\Projects\Project1\Project1\Debug\link.7604-cvtres.write.1.tlog
C:\Users\LumenIgnis\Documents\Visual Studio 2012\Projects\Project1\Project1\Debug\link.7604-rc.read.1.tlog
C:\Users\LumenIgnis\Documents\Visual Studio 2012\Projects\Project1\Project1\Debug\link.7604-rc.write.1.tlog
C:\Users\LumenIgnis\Documents\Visual Studio 2012\Projects\Project1\Project1\Debug\link.7604.read.1.tlog
C:\Users\LumenIgnis\Documents\Visual Studio 2012\Projects\Project1\Project1\Debug\link.7604.write.1.tlog
C:\Users\LumenIgnis\Documents\Visual Studio 2012\Projects\Project1\Project1\Debug\link.7640-cvtres.read.1.tlog
C:\Users\LumenIgnis\Documents\Visual Studio 2012\Projects\Project1\Project1\Debug\link.7640-cvtres.write.1.tlog
C:\Users\LumenIgnis\Documents\Visual Studio 2012\Projects\Project1\Project1\Debug\link.7640-rc.read.1.tlog
C:\Users\LumenIgnis\Documents\Visual Studio 2012\Projects\Project1\Project1\Debug\link.7640-rc.write.1.tlog
C:\Users\LumenIgnis\Documents\Visual Studio 2012\Projects\Project1\Project1\Debug\link.7640.read.1.tlog
C:\Users\LumenIgnis\Documents\Visual Studio 2012\Projects\Project1\Project1\Debug\link.7640.write.1.tlog
C:\Users\LumenIgnis\Documents\Visual Studio 2012\Projects\Project1\Project1\Debug\link.7720-cvtres.read.1.tlog
C:\Users\LumenIgnis\Documents\Visual Studio 2012\Projects\Project1\Project1\Debug\link.7720-cvtres.write.1.tlog
C:\Users\LumenIgnis\Documents\Visual Studio 2012\Projects\Project1\Project1\Debug\link.7720-rc.read.1.tlog
C:\Users\LumenIgnis\Documents\Visual Studio 2012\Projects\Project1\Project1\Debug\link.7720-rc.write.1.tlog
C:\Users\LumenIgnis\Documents\Visual Studio 2012\Projects\Project1\Project1\Debug\link.7720.read.1.tlog
C:\Users\LumenIgnis\Documents\Visual Studio 2012\Projects\Project1\Project1\Debug\link.7720.write.1.tlog
C:\Users\LumenIgnis\Documents\Visual Studio 2012\Projects\Project1\Project1\Debug\link.7792-cvtres.read.1.tlog
C:\Users\LumenIgnis\Documents\Visual Studio 2012\Projects\Project1\Project1\Debug\link.7792-cvtres.write.1.tlog
C:\Users\LumenIgnis\Documents\Visual Studio 2012\Projects\Project1\Project1\Debug\link.7792-rc.read.1.tlog
C:\Users\LumenIgnis\Documents\Visual Studio 2012\Projects\Project1\Project1\Debug\link.7792-rc.write.1.tlog
C:\Users\LumenIgnis\Documents\Visual Studio 2012\Projects\Project1\Project1\Debug\link.7792.read.1.tlog
C:\Users\LumenIgnis\Documents\Visual Studio 2012\Projects\Project1\Project1\Debug\link.7792.write.1.tlog
C:\Users\LumenIgnis\Documents\Visual Studio 2012\Projects\Project1\Project1\Debug\link.8100-cvtres.read.1.tlog
C:\Users\LumenIgnis\Documents\Visual Studio 2012\Projects\Project1\Project1\Debug\link.8100-cvtres.write.1.tlog
C:\Users\LumenIgnis\Documents\Visual Studio 2012\Projects\Project1\Project1\Debug\link.8100-rc.read.1.tlog
C:\Users\LumenIgnis\Documents\Visual Studio 2012\Projects\Project1\Project1\Debug\link.8100-rc.write.1.tlog
C:\Users\LumenIgnis\Documents\Visual Studio 2012\Projects\Project1\Project1\Debug\link.8100.read.1.tlog
C:\Users\LumenIgnis\Documents\Visual Studio 2012\Projects\Project1\Project1\Debug\link.8100.write.1.tlog
C:\Users\LumenIgnis\Documents\Visual Studio 2012\Projects\Project1\Project1\Debug\link.8124-cvtres.read.1.tlog
C:\Users\LumenIgnis\Documents\Visual Studio 2012\Projects\Project1\Project1\Debug\link.8124-cvtres.write.1.tlog
C:\Users\LumenIgnis\Documents\Visual Studio 2012\Projects\Project1\Project1\Debug\link.8124-rc.read.1.tlog
C:\Users\LumenIgnis\Documents\Visual Studio 2012\Projects\Project1\Project1\Debug\link.8124-rc.write.1.tlog
C:\Users\LumenIgnis\Documents\Visual Studio 2012\Projects\Project1\Project1\Debug\link.8124.read.1.tlog
C:\Users\LumenIgnis\Documents\Visual Studio 2012\Projects\Project1\Project1\Debug\link.8124.write.1.tlog
C:\Users\LumenIgnis\Documents\Visual Studio 2012\Projects\Project1\Project1\Debug\link.8136-cvtres.read.1.tlog
C:\Users\LumenIgnis\Documents\Visual Studio 2012\Projects\Project1\Project1\Debug\link.8136-cvtres.write.1.tlog
C:\Users\LumenIgnis\Documents\Visual Studio 2012\Projects\Project1\Project1\Debug\link.8136-rc.read.1.tlog
C:\Users\LumenIgnis\Documents\Visual Studio 2012\Projects\Project1\Project1\Debug\link.8136-rc.write.1.tlog
C:\Users\LumenIgnis\Documents\Visual Studio 2012\Projects\Project1\Project1\Debug\link.8136.read.1.tlog
C:\Users\LumenIgnis\Documents\Visual Studio 2012\Projects\Project1\Project1\Debug\link.8136.write.1.tlog
C:\Users\LumenIgnis\Documents\Visual Studio 2012\Projects\Project1\Project1\Debug\link.8220-cvtres.read.1.tlog
C:\Users\LumenIgnis\Documents\Visual Studio 2012\Projects\Project1\Project1\Debug\link.8220-cvtres.write.1.tlog
C:\Users\LumenIgnis\Documents\Visual Studio 2012\Projects\Project1\Project1\Debug\link.8220-rc.read.1.tlog
C:\Users\LumenIgnis\Documents\Visual Studio 2012\Projects\Project1\Project1\Debug\link.8220-rc.write.1.tlog
C:\Users\LumenIgnis\Documents\Visual Studio 2012\Projects\Project1\Project1\Debug\link.8220.read.1.tlog
C:\Users\LumenIgnis\Documents\Visual Studio 2012\Projects\Project1\Project1\Debug\link.8220.write.1.tlog
C:\Users\LumenIgnis\Documents\Visual Studio 2012\Projects\Project1\Project1\Debug\link.8240-cvtres.read.1.tlog
C:\Users\LumenIgnis\Documents\Visual Studio 2012\Projects\Project1\Project1\Debug\link.8240-cvtres.write.1.tlog
C:\Users\LumenIgnis\Documents\Visual Studio 2012\Projects\Project1\Project1\Debug\link.8240-rc.read.1.tlog
C:\Users\LumenIgnis\Documents\Visual Studio 2012\Projects\Project1\Project1\Debug\link.8240-rc.write.1.tlog
C:\Users\LumenIgnis\Documents\Visual Studio 2012\Projects\Project1\Project1\Debug\link.8240.read.1.tlog
C:\Users\LumenIgnis\Documents\Visual Studio 2012\Projects\Project1\Project1\Debug\link.8240.write.1.tlog
C:\Users\LumenIgnis\Documents\Visual Studio 2012\Projects\Project1\Project1\Debug\link.8368-cvtres.read.1.tlog
C:\Users\LumenIgnis\Documents\Visual Studio 2012\Projects\Project1\Project1\Debug\link.8368-cvtres.write.1.tlog
C:\Users\LumenIgnis\Documents\Visual Studio 2012\Projects\Project1\Project1\Debug\link.8368-rc.read.1.tlog
C:\Users\LumenIgnis\Documents\Visual Studio 2012\Projects\Project1\Project1\Debug\link.8368-rc.write.1.tlog
C:\Users\LumenIgnis\Documents\Visual Studio 2012\Projects\Project1\Project1\Debug\link.8368.read.1.tlog
C:\Users\LumenIgnis\Documents\Visual Studio 2012\Projects\Project1\Project1\Debug\link.8368.write.1.tlog
C:\Users\LumenIgnis\Documents\Visual Studio 2012\Projects\Project1\Project1\Debug\link.8468-cvtres.read.1.tlog
C:\Users\LumenIgnis\Documents\Visual Studio 2012\Projects\Project1\Project1\Debug\link.8468-cvtres.write.1.tlog
C:\Users\LumenIgnis\Documents\Visual Studio 2012\Projects\Project1\Project1\Debug\link.8468-rc.read.1.tlog
C:\Users\LumenIgnis\Documents\Visual Studio 2012\Projects\Project1\Project1\Debug\link.8468-rc.write.1.tlog
C:\Users\LumenIgnis\Documents\Visual Studio 2012\Projects\Project1\Project1\Debug\link.8468.read.1.tlog
C:\Users\LumenIgnis\Documents\Visual Studio 2012\Projects\Project1\Project1\Debug\link.8468.write.1.tlog
C:\Users\LumenIgnis\Documents\Visual Studio 2012\Projects\Project1\Project1\Debug\link.8520-cvtres.read.1.tlog
C:\Users\LumenIgnis\Documents\Visual Studio 2012\Projects\Project1\Project1\Debug\link.8520-cvtres.write.1.tlog
C:\Users\LumenIgnis\Documents\Visual Studio 2012\Projects\Project1\Project1\Debug\link.8520-rc.read.1.tlog
C:\Users\LumenIgnis\Documents\Visual Studio 2012\Projects\Project1\Project1\Debug\link.8520-rc.write.1.tlog
C:\Users\LumenIgnis\Documents\Visual Studio 2012\Projects\Project1\Project1\Debug\link.8520.read.1.tlog
C:\Users\LumenIgnis\Documents\Visual Studio 2012\Projects\Project1\Project1\Debug\link.8520.write.1.tlog
C:\Users\LumenIgnis\Documents\Visual Studio 2012\Projects\Project1\Project1\Debug\link.8540-cvtres.read.1.tlog
C:\Users\LumenIgnis\Documents\Visual Studio 2012\Projects\Project1\Project1\Debug\link.8540-cvtres.write.1.tlog
C:\Users\LumenIgnis\Documents\Visual Studio 2012\Projects\Project1\Project1\Debug\link.8540-rc.read.1.tlog
C:\Users\LumenIgnis\Documents\Visual Studio 2012\Projects\Project1\Project1\Debug\link.8540-rc.write.1.tlog
C:\Users\LumenIgnis\Documents\Visual Studio 2012\Projects\Project1\Project1\Debug\link.8540.read.1.tlog
C:\Users\LumenIgnis\Documents\Visual Studio 2012\Projects\Project1\Project1\Debug\link.8540.write.1.tlog
C:\Users\LumenIgnis\Documents\Visual Studio 2012\Projects\Project1\Project1\Debug\link.9048-cvtres.read.1.tlog
C:\Users\LumenIgnis\Documents\Visual Studio 2012\Projects\Project1\Project1\Debug\link.9048-cvtres.write.1.tlog
C:\Users\LumenIgnis\Documents\Visual Studio 2012\Projects\Project1\Project1\Debug\link.9048-rc.read.1.tlog
C:\Users\LumenIgnis\Documents\Visual Studio 2012\Projects\Project1\Project1\Debug\link.9048-rc.write.1.tlog
C:\Users\LumenIgnis\Documents\Visual Studio 2012\Projects\Project1\Project1\Debug\link.9048.read.1.tlog
C:\Users\LumenIgnis\Documents\Visual Studio 2012\Projects\Project1\Project1\Debug\link.9048.write.1.tlog
C:\Users\LumenIgnis\Documents\Visual Studio 2012\Projects\Project1\Project1\Debug\link.9060-cvtres.read.1.tlog
C:\Users\LumenIgnis\Documents\Visual Studio 2012\Projects\Project1\Project1\Debug\link.9060-cvtres.write.1.tlog
C:\Users\LumenIgnis\Documents\Visual Studio 2012\Projects\Project1\Project1\Debug\link.9060-rc.read.1.tlog
C:\Users\LumenIgnis\Documents\Visual Studio 2012\Projects\Project1\Project1\Debug\link.9060-rc.write.1.tlog
C:\Users\LumenIgnis\Documents\Visual Studio 2012\Projects\Project1\Project1\Debug\link.9060.read.1.tlog
C:\Users\LumenIgnis\Documents\Visual Studio 2012\Projects\Project1\Project1\Debug\link.9060.write.1.tlog
C:\Users\LumenIgnis\Documents\Visual Studio 2012\Projects\Project1\Project1\Debug\link.9248-cvtres.read.1.tlog
C:\Users\LumenIgnis\Documents\Visual Studio 2012\Projects\Project1\Project1\Debug\link.9248-cvtres.write.1.tlog
C:\Users\LumenIgnis\Documents\Visual Studio 2012\Projects\Project1\Project1\Debug\link.9248-rc.read.1.tlog
C:\Users\LumenIgnis\Documents\Visual Studio 2012\Projects\Project1\Project1\Debug\link.9248-rc.write.1.tlog
C:\Users\LumenIgnis\Documents\Visual Studio 2012\Projects\Project1\Project1\Debug\link.9248.read.1.tlog
C:\Users\LumenIgnis\Documents\Visual Studio 2012\Projects\Project1\Project1\Debug\link.9248.write.1.tlog
C:\Users\LumenIgnis\Documents\Visual Studio 2012\Projects\Project1\Project1\Debug\link.9688-cvtres.read.1.tlog
C:\Users\LumenIgnis\Documents\Visual Studio 2012\Projects\Project1\Project1\Debug\link.9688-cvtres.write.1.tlog
C:\Users\LumenIgnis\Documents\Visual Studio 2012\Projects\Project1\Project1\Debug\link.9688-rc.read.1.tlog
C:\Users\LumenIgnis\Documents\Visual Studio 2012\Projects\Project1\Project1\Debug\link.9688-rc.write.1.tlog
C:\Users\LumenIgnis\Documents\Visual Studio 2012\Projects\Project1\Project1\Debug\link.9688.read.1.tlog
C:\Users\LumenIgnis\Documents\Visual Studio 2012\Projects\Project1\Project1\Debug\link.9688.write.1.tlog
C:\Users\LumenIgnis\Documents\Visual Studio 2012\Projects\Project1\Project1\Debug\link.9944-cvtres.read.1.tlog
C:\Users\LumenIgnis\Documents\Visual Studio 2012\Projects\Project1\Project1\Debug\link.9944-cvtres.write.1.tlog
C:\Users\LumenIgnis\Documents\Visual Studio 2012\Projects\Project1\Project1\Debug\link.9944-rc.read.1.tlog
C:\Users\LumenIgnis\Documents\Visual Studio 2012\Projects\Project1\Project1\Debug\link.9944-rc.write.1.tlog
C:\Users\LumenIgnis\Documents\Visual Studio 2012\Projects\Project1\Project1\Debug\link.9944.read.1.tlog
C:\Users\LumenIgnis\Documents\Visual Studio 2012\Projects\Project1\Project1\Debug\link.9944.write.1.tlog
C:\Users\LumenIgnis\Documents\Visual Studio 2012\Projects\Project1\Project1\Debug\link.command.1.tlog
C:\Users\LumenIgnis\Documents\Visual Studio 2012\Projects\Project1\Project1\Debug\link.read.1.tlog
C:\Users\LumenIgnis\Documents\Visual Studio 2012\Projects\Project1\Project1\Debug\link.write.1.tlog
C:\Users\LumenIgnis\Documents\Visual Studio 2012\Projects\Project1\Project1\Debug\metagen.read.1.tlog
C:\Users\LumenIgnis\Documents\Visual Studio 2012\Projects\Project1\Project1\Debug\metagen.write.1.tlog
C:\Users\LumenIgnis\Documents\Visual Studio 2012\Projects\Project1\Project1\Debug\Project1.write.1.tlog
C:\Users\LumenIgnis\Documents\Visual Studio 2012\Projects\Project1\Project1\Debug\vc110.pdb
C:\Users\LumenIgnis\Documents\Visual Studio 2012\Projects\Project1\Project1\Debug\RSAENH.DLL.bi
C:\Users\LumenIgnis\Documents\Visual Studio 2012\Projects\Project1\Project1\Debug\TZRES.DLL.bi
C:\Users\LumenIgnis\Documents\Visual Studio 2012\Projects\Project1\Debug\Project1.pdb
C:\Users\LumenIgnis\Documents\Visual Studio 2012\Projects\Project1\Debug\Project1.ilk
